<?xml version="1.0" encoding="UTF-8"?>
<Site BuildName="(empty)"
	BuildStamp="20230704-0726-Experimental"
	Name="ahmedaymen-Precision-3561"
	Generator="ctest-3.26.3"
	CompilerName="/usr/bin/c++"
	CompilerVersion="9.4.0"
	OSName="Linux"
	Hostname="ahmedaymen-Precision-3561"
	OSRelease="5.15.0-76-generic"
	OSVersion="#83~20.04.1-Ubuntu SMP Wed Jun 21 20:23:31 UTC 2023"
	OSPlatform="x86_64"
	Is64Bits="1"
	VendorString="GenuineIntel"
	VendorID="Intel Corporation"
	FamilyID="6"
	ModelID="141"
	ProcessorCacheSize="24576"
	NumberOfLogicalCPU="16"
	NumberOfPhysicalCPU="8"
	TotalVirtualMemory="2047"
	TotalPhysicalMemory="31819"
	LogicalProcessorsPerPhysical="2"
	ProcessorClockFrequency="2358.77"
	>
	<Testing>
		<StartDateTime>Jul 04 09:26 CEST</StartDateTime>
		<StartTestTime>1688455610</StartTestTime>
		<TestList/>
		<EndDateTime>Jul 04 09:26 CEST</EndDateTime>
		<EndTestTime>1688455610</EndTestTime>
		<ElapsedMinutes>0</ElapsedMinutes>
	</Testing>
</Site>
